[0710/202533:ERROR:process_info.cc(608)] range at 0x85b32c5200000000, size 0x180 fully unreadable
[0710/202533:ERROR:process_info.cc(608)] range at 0x85b32cb400000000, size 0x180 fully unreadable
[0710/202533:ERROR:process_info.cc(608)] range at 0x0, size 0x180 fully unreadable
[0710/202533:WARNING:in_range_cast.h(38)] value 1651510548952 out of range
[0710/202533:WARNING:in_range_cast.h(38)] value 1651510545890 out of range
[0710/202533:WARNING:in_range_cast.h(38)] value 1651510548992 out of range
[0710/202533:WARNING:in_range_cast.h(38)] value 1651510548472 out of range
[0710/202533:WARNING:in_range_cast.h(38)] value 1651510549680 out of range
[0710/202533:WARNING:in_range_cast.h(38)] value 1651510994352 out of range
[0710/202533:ERROR:process_reader_win.cc(232)] ReadMemory at 0x46c09ac000 of 81920 bytes failed: Only part of a ReadProcessMemory or WriteProcessMemory request was completed. (0x12B)
[0710/202533:ERROR:crash_report_exception_handler.cc(102)] WriteEverything failed
[0710/202533:ERROR:scoped_process_suspend.cc(38)] NtResumeProcess, ntstatus=-1073741558
[0716/131430:ERROR:process_info.cc(608)] range at 0x9f4b2c5800000000, size 0x1c0 fully unreadable
[0716/131430:ERROR:process_info.cc(608)] range at 0x9f4b2cbe00000000, size 0x1c0 fully unreadable
[0716/131430:ERROR:process_info.cc(608)] range at 0x0, size 0x1c0 fully unreadable
[0716/131430:WARNING:in_range_cast.h(38)] value 1926817847774 out of range
[0716/131430:WARNING:in_range_cast.h(38)] value 1926817844712 out of range
[0716/131430:WARNING:in_range_cast.h(38)] value 1926817847814 out of range
[0716/131430:WARNING:in_range_cast.h(38)] value 1926817847294 out of range
[0716/131430:WARNING:in_range_cast.h(38)] value 1926817848502 out of range
[0716/131430:WARNING:in_range_cast.h(38)] value 1926818290240 out of range
